#
# A fatal error has been detected by the Java Runtime Environment:
#
#  SIGSEGV (0xb) at pc=0x00007f86dc54a635, pid=3794, tid=140217488553728
#
# JRE version: OpenJDK Runtime Environment (7.0_79-b14) (build 1.7.0_79-b14)
# Java VM: OpenJDK 64-Bit Server VM (24.79-b02 mixed mode linux-amd64 compressed oops)
# Derivative: IcedTea 2.5.5
# Distribution: Ubuntu 14.04 LTS, package 7u79-2.5.5-0ubuntu0.14.04.2
# Problematic frame:
# C  [i965_dri.so+0x252635]
#
# Failed to write core dump. Core dumps have been disabled. To enable core dumping, try "ulimit -c unlimited" before starting Java again
#
# If you would like to submit a bug report, please include
# instructions on how to reproduce the bug and visit:
#   http://icedtea.classpath.org/bugzilla
# The crash happened outside the Java Virtual Machine in native code.
# See problematic frame for where to report the bug.
#

---------------  T H R E A D  ---------------

Current thread (0x00007f86e0004800):  JavaThread "AWT-EventQueue-0" [_thread_in_native, id=3834, stack(0x00007f86ed88b000,0x00007f86ed98c000)]

siginfo:si_signo=SIGSEGV: si_errno=0, si_code=1 (SEGV_MAPERR), si_addr=0x0000000000000004

Registers:
RAX=0x0000000000000000, RBX=0x00007f86dca087b0, RCX=0x0000000000000000, RDX=0x000000000000000d
RSP=0x00007f86ed989040, RBP=0x00007f86d807ca28, RSI=0x00007f86dc73d280, RDI=0x00007f86dc73d280
R8 =0x00007f86d807cbb0, R9 =0x00007f86d8000078, R10=0x0000000000000001, R11=0x00007f86d803a700
R12=0x0000000000000000, R13=0x00007f86dc73d280, R14=0x0000000000000001, R15=0x00007f86e0004800
RIP=0x00007f86dc54a635, EFLAGS=0x0000000000010246, CSGSFS=0x0000000000000033, ERR=0x0000000000000004
  TRAPNO=0x000000000000000e

Top of Stack: (sp=0x00007f86ed989040)
0x00007f86ed989040:   00007f86d8039d08 00007f86ed989090
0x00007f86ed989050:   00007f86d803ab68 00007f86d8039d08
0x00007f86ed989060:   00007f86d8039d08 0000000000000000
0x00007f86ed989070:   00007f86e0004800 00007f86dc54ae36
0x00007f86ed989080:   3034000000000000 00007f86ed9890d0
0x00007f86ed989090:   00007f86d803ab68 00007f86d8039d08
0x00007f86ed9890a0:   00007f86d8000ef8 00007f86ed989201
0x00007f86ed9890b0:   00007f86dca25ee0 00007f86dca25de0
0x00007f86ed9890c0:   00007f86dca25be0 00007f86dca25ba0
0x00007f86ed9890d0:   00007f86dca25b60 00007f86dca25b20
0x00007f86ed9890e0:   00007f86dca25aa0 00007f86dca25a60
0x00007f86ed9890f0:   0000000000000000 0000000000000000
0x00007f86ed989100:   0000000000000000 0000000000000000
0x00007f86ed989110:   0000000000000000 0000000000000000
0x00007f86ed989120:   0000000000000000 0000000000000000
0x00007f86ed989130:   0000000000000000 0000000000000000
0x00007f86ed989140:   0000000000000000 0000000000000000
0x00007f86ed989150:   0000000000000000 0000000000000000
0x00007f86ed989160:   0000000000000000 0000000000000000
0x00007f86ed989170:   0000000000000000 0000000000000000
0x00007f86ed989180:   0000000000000000 0000000000000000
0x00007f86ed989190:   0000000000000000 0000000000000000
0x00007f86ed9891a0:   0000000000000000 0000000000000000
0x00007f86ed9891b0:   0000000000000000 0000000000000000
0x00007f86ed9891c0:   0000000000000000 0000000000000000
0x00007f86ed9891d0:   0000000000000000 0000000000000000
0x00007f86ed9891e0:   0000000000000000 0000000000000000
0x00007f86ed9891f0:   0000000000000000 0000000000000000
0x00007f86ed989200:   0000000000000000 0000000000000000
0x00007f86ed989210:   0000000000000000 0000000000000000
0x00007f86ed989220:   0000000000000000 0000000000000000
0x00007f86ed989230:   0000000000000000 0000000000000000 

Instructions: (pc=0x00007f86dc54a635)
0x00007f86dc54a615:   44 00 00 48 83 c3 18 48 8b 7b e8 41 83 c6 01 48
0x00007f86dc54a625:   85 ff 74 0c 4c 89 ee e8 2f 66 de ff 85 c0 75 e3
0x00007f86dc54a635:   41 83 7c 24 04 09 4b 8d 14 76 48 8d 05 3a e1 4b
0x00007f86dc54a645:   00 48 8d 1c d0 0f 84 de 00 00 00 8b 53 10 be 18 

Register to memory mapping:

RAX=0x0000000000000000 is an unknown value
RBX=0x00007f86dca087b0: <offset 0x7107b0> in /usr/lib/x86_64-linux-gnu/dri/i965_dri.so at 0x00007f86dc2f8000
RCX=0x0000000000000000 is an unknown value
RDX=0x000000000000000d is an unknown value
RSP=0x00007f86ed989040 is pointing into the stack for thread: 0x00007f86e0004800
RBP=0x00007f86d807ca28 is an unknown value
RSI=0x00007f86dc73d280: <offset 0x445280> in /usr/lib/x86_64-linux-gnu/dri/i965_dri.so at 0x00007f86dc2f8000
RDI=0x00007f86dc73d280: <offset 0x445280> in /usr/lib/x86_64-linux-gnu/dri/i965_dri.so at 0x00007f86dc2f8000
R8 =0x00007f86d807cbb0 is an unknown value
R9 =0x00007f86d8000078 is an unknown value
R10=0x0000000000000001 is an unknown value
R11=0x00007f86d803a700 is an unknown value
R12=0x0000000000000000 is an unknown value
R13=0x00007f86dc73d280: <offset 0x445280> in /usr/lib/x86_64-linux-gnu/dri/i965_dri.so at 0x00007f86dc2f8000
R14=0x0000000000000001 is an unknown value
R15=0x00007f86e0004800 is a thread


Stack: [0x00007f86ed88b000,0x00007f86ed98c000],  sp=0x00007f86ed989040,  free space=1016k
Native frames: (J=compiled Java code, j=interpreted, Vv=VM code, C=native code)
C  [i965_dri.so+0x252635]

Java frames: (J=compiled Java code, j=interpreted, Vv=VM code)
j  jogamp.opengl.gl4.GL4bcImpl.dispatch_glCompileShader1(IJ)V+0
j  jogamp.opengl.gl4.GL4bcImpl.glCompileShader(I)V+34
j  Shaders.Shader.compileSource(Ljava/lang/String;I)I+45
j  Shaders.Shader.init(Ljavax/media/opengl/GL3;)V+46
j  Handlers.ShaderHandler.Init()V+16
j  SkyRiders.SkyRiders.init(Ljavax/media/opengl/GLAutoDrawable;)V+56
j  jogamp.opengl.GLDrawableHelper.init(Ljavax/media/opengl/GLEventListener;Ljavax/media/opengl/GLAutoDrawable;Z)V+2
j  jogamp.opengl.GLDrawableHelper.init(Ljavax/media/opengl/GLAutoDrawable;Z)V+53
j  javax.media.opengl.awt.GLCanvas$6.run()V+26
j  jogamp.opengl.GLDrawableHelper.invokeGLImpl(Ljavax/media/opengl/GLDrawable;Ljavax/media/opengl/GLContext;Ljava/lang/Runnable;Ljava/lang/Runnable;Ljavax/media/opengl/GLAutoDrawable;)V+131
j  jogamp.opengl.GLDrawableHelper.invokeGL(Ljavax/media/opengl/GLDrawable;Ljavax/media/opengl/GLContext;Ljava/lang/Runnable;Ljava/lang/Runnable;)V+85
j  javax.media.opengl.awt.GLCanvas$8.run()V+49
j  java.awt.event.InvocationEvent.dispatch()V+11
j  java.awt.EventQueue.dispatchEventImpl(Ljava/awt/AWTEvent;Ljava/lang/Object;)V+21
j  java.awt.EventQueue.access$300(Ljava/awt/EventQueue;Ljava/awt/AWTEvent;Ljava/lang/Object;)V+3
j  java.awt.EventQueue$3.run()Ljava/lang/Void;+12
j  java.awt.EventQueue$3.run()Ljava/lang/Object;+1
v  ~StubRoutines::call_stub
j  java.security.AccessController.doPrivileged(Ljava/security/PrivilegedAction;Ljava/security/AccessControlContext;)Ljava/lang/Object;+0
j  java.security.ProtectionDomain$1.doIntersectionPrivilege(Ljava/security/PrivilegedAction;Ljava/security/AccessControlContext;Ljava/security/AccessControlContext;)Ljava/lang/Object;+28
j  java.awt.EventQueue.dispatchEvent(Ljava/awt/AWTEvent;)V+46
j  java.awt.EventDispatchThread.pumpOneEventForFilters(I)V+245
j  java.awt.EventDispatchThread.pumpEventsForFilter(ILjava/awt/Conditional;Ljava/awt/EventFilter;)V+35
j  java.awt.EventDispatchThread.pumpEventsForHierarchy(ILjava/awt/Conditional;Ljava/awt/Component;)V+11
j  java.awt.EventDispatchThread.pumpEvents(ILjava/awt/Conditional;)V+4
j  java.awt.EventDispatchThread.pumpEvents(Ljava/awt/Conditional;)V+3
j  java.awt.EventDispatchThread.run()V+9
v  ~StubRoutines::call_stub

---------------  P R O C E S S  ---------------

Java Threads: ( => current thread )
  0x00007f874000e800 JavaThread "DestroyJavaVM" [_thread_blocked, id=3798, stack(0x00007f8749169000,0x00007f874926a000)]
  0x00007f87404a2800 JavaThread "Timer-0" [_thread_blocked, id=3835, stack(0x00007f86ed98c000,0x00007f86eda8d000)]
=>0x00007f86e0004800 JavaThread "AWT-EventQueue-0" [_thread_in_native, id=3834, stack(0x00007f86ed88b000,0x00007f86ed98c000)]
  0x00007f87403c6000 JavaThread "AWT-Shutdown" [_thread_blocked, id=3833, stack(0x00007f87345d6000,0x00007f87346d7000)]
  0x00007f87403ac800 JavaThread "main-SharedResourceRunner" daemon [_thread_blocked, id=3831, stack(0x00007f86ec097000,0x00007f86ec198000)]
  0x00007f86d8005800 JavaThread "org.netbeans.modules.debugger.jpda.visual AWT Access Loop" daemon [_thread_blocked, id=3830, stack(0x00007f87340d1000,0x00007f87341d2000)]
  0x00007f874033c000 JavaThread "AWT-XAWT" daemon [_thread_blocked, id=3827, stack(0x00007f86ede92000,0x00007f86edf93000)]
  0x00007f8740319800 JavaThread "Java2D Disposer" daemon [_thread_blocked, id=3826, stack(0x00007f872c03d000,0x00007f872c13e000)]
  0x00007f8740273000 JavaThread "process reaper" daemon [_thread_blocked, id=3820, stack(0x00007f873c0b8000,0x00007f873c0f1000)]
  0x00007f87400c2800 JavaThread "Service Thread" daemon [_thread_blocked, id=3815, stack(0x00007f87342d3000,0x00007f87343d4000)]
  0x00007f87400c0800 JavaThread "C2 CompilerThread1" daemon [_thread_blocked, id=3814, stack(0x00007f87343d4000,0x00007f87344d5000)]
  0x00007f87400bd800 JavaThread "C2 CompilerThread0" daemon [_thread_blocked, id=3813, stack(0x00007f87344d5000,0x00007f87345d6000)]
  0x00007f87400bb000 JavaThread "JDWP Event Helper Thread" daemon [_thread_blocked, id=3808, stack(0x00007f87346d7000,0x00007f87347d8000)]
  0x00007f87400b7800 JavaThread "JDWP Transport Listener: dt_socket" daemon [_thread_in_native, id=3807, stack(0x00007f87347d8000,0x00007f87348d9000)]
  0x00007f87400aa000 JavaThread "Signal Dispatcher" daemon [_thread_blocked, id=3806, stack(0x00007f8734ade000,0x00007f8734bdf000)]
  0x00007f8740080800 JavaThread "Finalizer" daemon [_thread_blocked, id=3805, stack(0x00007f8734bdf000,0x00007f8734ce0000)]
  0x00007f874007e000 JavaThread "Reference Handler" daemon [_thread_blocked, id=3804, stack(0x00007f873c0f1000,0x00007f873c1f2000)]

Other Threads:
  0x00007f874007a000 VMThread [stack: 0x00007f873c1f2000,0x00007f873c2f3000] [id=3803]
  0x00007f87400cd800 WatcherThread [stack: 0x00007f87341d2000,0x00007f87342d3000] [id=3816]

VM state:not at safepoint (normal execution)

VM Mutex/Monitor currently owned by a thread: None

Heap
 PSYoungGen      total 28160K, used 21211K [0x00000000e1600000, 0x00000000e3500000, 0x0000000100000000)
  eden space 24576K, 86% used [0x00000000e1600000,0x00000000e2ab6f80,0x00000000e2e00000)
  from space 3584K, 0% used [0x00000000e3180000,0x00000000e3180000,0x00000000e3500000)
  to   space 3584K, 0% used [0x00000000e2e00000,0x00000000e2e00000,0x00000000e3180000)
 ParOldGen       total 62464K, used 0K [0x00000000a4200000, 0x00000000a7f00000, 0x00000000e1600000)
  object space 62464K, 0% used [0x00000000a4200000,0x00000000a4200000,0x00000000a7f00000)
 PSPermGen       total 21504K, used 14067K [0x0000000099c00000, 0x000000009b100000, 0x00000000a4200000)
  object space 21504K, 65% used [0x0000000099c00000,0x000000009a9bcec8,0x000000009b100000)

Card table byte_map: [0x00007f8744f5b000,0x00007f874528e000] byte_map_base: 0x00007f8744a8d000

Polling page: 0x00007f874928d000

Code Cache  [0x00007f873d000000, 0x00007f873d270000, 0x00007f8740000000)
 total_blobs=729 nmethods=30 adapters=661 free_code_cache=48431Kb largest_free_block=49585920

Compilation events (10 events):
Event: 4,370 Thread 0x00007f87400bd800 nmethod 24 0x00007f873d0a8ed0 code [0x00007f873d0a90c0, 0x00007f873d0a9640]
Event: 4,371 Thread 0x00007f87400c0800 nmethod 26 0x00007f873d0b2550 code [0x00007f873d0b26c0, 0x00007f873d0b2968]
Event: 4,379 Thread 0x00007f87400bd800   27             java.util.Arrays::copyOfRange (63 bytes)
Event: 4,381 Thread 0x00007f87400bd800 nmethod 27 0x00007f873d0b2b10 code [0x00007f873d0b2c60, 0x00007f873d0b2e58]
Event: 4,382 Thread 0x00007f87400c0800   28             java.lang.String::<init> (67 bytes)
Event: 4,385 Thread 0x00007f87400c0800 nmethod 28 0x00007f873d0b0a10 code [0x00007f873d0b0b60, 0x00007f873d0b0e78]
Event: 4,392 Thread 0x00007f87400bd800   29             java.util.HashMap::indexFor (6 bytes)
Event: 4,392 Thread 0x00007f87400bd800 nmethod 29 0x00007f873d0b30d0 code [0x00007f873d0b3200, 0x00007f873d0b3238]
Event: 4,616 Thread 0x00007f87400c0800   30             sun.java2d.loops.GraphicsPrimitive::getUniqueID (5 bytes)
Event: 4,616 Thread 0x00007f87400c0800 nmethod 30 0x00007f873d0b3290 code [0x00007f873d0b33c0, 0x00007f873d0b3418]

GC Heap History (0 events):
No events

Deoptimization events (3 events):
Event: 1,799 Thread 0x00007f874000e800 Uncommon trap: reason=class_check action=maybe_recompile pc=0x00007f873d066970 method=java.util.Properties$LineReader.readLine()I @ 62
Event: 1,845 Thread 0x00007f874000e800 Uncommon trap: reason=null_check action=make_not_entrant pc=0x00007f873d06763c method=java.lang.String.equals(Ljava/lang/Object;)Z @ 8
Event: 4,387 Thread 0x00007f87403ac800 Uncommon trap: reason=unreached action=reinterpret pc=0x00007f873d0b2878 method=java.lang.Class.searchFields([Ljava/lang/reflect/Field;Ljava/lang/String;)Ljava/lang/reflect/Field; @ 20

Internal exceptions (10 events):
Event: 4,823 Thread 0x00007f874000e800 Threw 0x00000000e2933058 at /build/buildd/openjdk-7-7u79-2.5.5/build/openjdk/hotspot/src/share/vm/runtime/reflection.cpp:1030
Event: 4,834 Thread 0x00007f87404a2800 Threw 0x00000000e2a3d170 at /build/buildd/openjdk-7-7u79-2.5.5/build/openjdk/hotspot/src/share/vm/prims/jvm.cpp:1284
Event: 4,835 Thread 0x00007f87404a2800 Threw 0x00000000e2a41a88 at /build/buildd/openjdk-7-7u79-2.5.5/build/openjdk/hotspot/src/share/vm/prims/jvm.cpp:1284
Event: 4,836 Thread 0x00007f87404a2800 Threw 0x00000000e2a48420 at /build/buildd/openjdk-7-7u79-2.5.5/build/openjdk/hotspot/src/share/vm/prims/jvm.cpp:1284
Event: 4,837 Thread 0x00007f87404a2800 Threw 0x00000000e2a4ed18 at /build/buildd/openjdk-7-7u79-2.5.5/build/openjdk/hotspot/src/share/vm/prims/jvm.cpp:1284
Event: 4,837 Thread 0x00007f87404a2800 Threw 0x00000000e2a53b48 at /build/buildd/openjdk-7-7u79-2.5.5/build/openjdk/hotspot/src/share/vm/prims/jvm.cpp:1284
Event: 4,838 Thread 0x00007f87404a2800 Threw 0x00000000e2a590f0 at /build/buildd/openjdk-7-7u79-2.5.5/build/openjdk/hotspot/src/share/vm/prims/jvm.cpp:1284
Event: 4,870 Thread 0x00007f87404a2800 Threw 0x00000000e2a5d800 at /build/buildd/openjdk-7-7u79-2.5.5/build/openjdk/hotspot/src/share/vm/prims/jvm.cpp:1284
Event: 4,899 Thread 0x00007f86e0004800 Threw 0x00000000e294ec40 at /build/buildd/openjdk-7-7u79-2.5.5/build/openjdk/hotspot/src/share/vm/prims/jni.cpp:747
Event: 4,903 Thread 0x00007f86e0004800 Threw 0x00000000e2952160 at /build/buildd/openjdk-7-7u79-2.5.5/build/openjdk/hotspot/src/share/vm/prims/jvm.cpp:1284

Events (10 events):
Event: 4,900 loading class 0x00007f870404d5f0
Event: 4,900 loading class 0x00007f870404d5f0 done
Event: 4,902 loading class 0x00007f87401247a0
Event: 4,903 loading class 0x00007f87401247a0 done
Event: 4,903 loading class 0x00007f870002e3a0
Event: 4,904 loading class 0x00007f870002e3a0 done
Event: 4,904 loading class 0x00007f86f43b5ec0
Event: 4,904 loading class 0x00007f86f43b5ef0
Event: 4,904 loading class 0x00007f86f43b5ef0 done
Event: 4,904 loading class 0x00007f86f43b5ec0 done


Dynamic libraries:
00400000-00401000 r-xp 00000000 08:02 18352682                           /usr/lib/jvm/java-7-openjdk-amd64/jre/bin/java
00600000-00601000 r--p 00000000 08:02 18352682                           /usr/lib/jvm/java-7-openjdk-amd64/jre/bin/java
00601000-00602000 rw-p 00001000 08:02 18352682                           /usr/lib/jvm/java-7-openjdk-amd64/jre/bin/java
00f49000-00f6a000 rw-p 00000000 00:00 0                                  [heap]
99c00000-9b100000 rw-p 00000000 00:00 0 
9b100000-a4200000 rw-p 00000000 00:00 0 
a4200000-a7f00000 rw-p 00000000 00:00 0 
a7f00000-e1600000 rw-p 00000000 00:00 0 
e1600000-e3500000 rw-p 00000000 00:00 0 
e3500000-100000000 rw-p 00000000 00:00 0 
7f86d1cd0000-7f86d1cd2000 r-xp 00000000 08:02 17702455                   /usr/lib/x86_64-linux-gnu/libXinerama.so.1.0.0
7f86d1cd2000-7f86d1ed1000 ---p 00002000 08:02 17702455                   /usr/lib/x86_64-linux-gnu/libXinerama.so.1.0.0
7f86d1ed1000-7f86d1ed2000 r--p 00001000 08:02 17702455                   /usr/lib/x86_64-linux-gnu/libXinerama.so.1.0.0
7f86d1ed2000-7f86d1ed3000 rw-p 00002000 08:02 17702455                   /usr/lib/x86_64-linux-gnu/libXinerama.so.1.0.0
7f86d1ed3000-7f86d1f0a000 r-xp 00000000 08:02 17703378                   /usr/lib/x86_64-linux-gnu/libtxc_dxtn_s2tc.so.0.0.0
7f86d1f0a000-7f86d2109000 ---p 00037000 08:02 17703378                   /usr/lib/x86_64-linux-gnu/libtxc_dxtn_s2tc.so.0.0.0
7f86d2109000-7f86d210a000 r--p 00036000 08:02 17703378                   /usr/lib/x86_64-linux-gnu/libtxc_dxtn_s2tc.so.0.0.0
7f86d210a000-7f86d210b000 rw-p 00037000 08:02 17703378                   /usr/lib/x86_64-linux-gnu/libtxc_dxtn_s2tc.so.0.0.0
7f86d210b000-7f86d2113000 r-xp 00000000 08:02 17703183                   /usr/lib/x86_64-linux-gnu/libpciaccess.so.0.11.1
7f86d2113000-7f86d2312000 ---p 00008000 08:02 17703183                   /usr/lib/x86_64-linux-gnu/libpciaccess.so.0.11.1
7f86d2312000-7f86d2313000 r--p 00007000 08:02 17703183                   /usr/lib/x86_64-linux-gnu/libpciaccess.so.0.11.1
7f86d2313000-7f86d2314000 rw-p 00008000 08:02 17703183                   /usr/lib/x86_64-linux-gnu/libpciaccess.so.0.11.1
7f86d2314000-7f86d3e1c000 r-xp 00000000 08:02 17702303                   /usr/lib/x86_64-linux-gnu/libLLVM-3.5.so.1
7f86d3e1c000-7f86d3e1d000 ---p 01b08000 08:02 17702303                   /usr/lib/x86_64-linux-gnu/libLLVM-3.5.so.1
7f86d3e1d000-7f86d3fe5000 r--p 01b08000 08:02 17702303                   /usr/lib/x86_64-linux-gnu/libLLVM-3.5.so.1
7f86d3fe5000-7f86d3feb000 rw-p 01cd0000 08:02 17702303                   /usr/lib/x86_64-linux-gnu/libLLVM-3.5.so.1
7f86d3feb000-7f86d4000000 rw-p 00000000 00:00 0 
7f86d4000000-7f86d54b7000 rw-p 00000000 00:00 0 
7f86d54b7000-7f86d8000000 ---p 00000000 00:00 0 
7f86d8000000-7f86d81b0000 rw-p 00000000 00:00 0 
7f86d81b0000-7f86dc000000 ---p 00000000 00:00 0 
7f86dc0d7000-7f86dc0f7000 r-xp 00000000 08:02 17696783                   /usr/lib/x86_64-linux-gnu/libdrm_intel.so.1.0.0
7f86dc0f7000-7f86dc2f6000 ---p 00020000 08:02 17696783                   /usr/lib/x86_64-linux-gnu/libdrm_intel.so.1.0.0
7f86dc2f6000-7f86dc2f7000 r--p 0001f000 08:02 17696783                   /usr/lib/x86_64-linux-gnu/libdrm_intel.so.1.0.0
7f86dc2f7000-7f86dc2f8000 rw-p 00020000 08:02 17696783                   /usr/lib/x86_64-linux-gnu/libdrm_intel.so.1.0.0
7f86dc2f8000-7f86dc800000 r-xp 00000000 08:02 18088483                   /usr/lib/x86_64-linux-gnu/dri/i965_dri.so
7f86dc800000-7f86dc9ff000 ---p 00508000 08:02 18088483                   /usr/lib/x86_64-linux-gnu/dri/i965_dri.so
7f86dc9ff000-7f86dca19000 r--p 00507000 08:02 18088483                   /usr/lib/x86_64-linux-gnu/dri/i965_dri.so
7f86dca19000-7f86dca1f000 rw-p 00521000 08:02 18088483                   /usr/lib/x86_64-linux-gnu/dri/i965_dri.so
7f86dca1f000-7f86dca2a000 rw-p 00000000 00:00 0 
7f86dca2a000-7f86dca4f000 r-xp 00000000 08:02 26742855                   /lib/x86_64-linux-gnu/libtinfo.so.5.9
7f86dca4f000-7f86dcc4e000 ---p 00025000 08:02 26742855                   /lib/x86_64-linux-gnu/libtinfo.so.5.9
7f86dcc4e000-7f86dcc52000 r--p 00024000 08:02 26742855                   /lib/x86_64-linux-gnu/libtinfo.so.5.9
7f86dcc52000-7f86dcc53000 rw-p 00028000 08:02 26742855                   /lib/x86_64-linux-gnu/libtinfo.so.5.9
7f86dcc53000-7f86dcc7c000 r-xp 00000000 08:02 17702684                   /usr/lib/x86_64-linux-gnu/libedit.so.2.0.47
7f86dcc7c000-7f86dce7c000 ---p 00029000 08:02 17702684                   /usr/lib/x86_64-linux-gnu/libedit.so.2.0.47
7f86dce7c000-7f86dce7e000 r--p 00029000 08:02 17702684                   /usr/lib/x86_64-linux-gnu/libedit.so.2.0.47
7f86dce7e000-7f86dce7f000 rw-p 0002b000 08:02 17702684                   /usr/lib/x86_64-linux-gnu/libedit.so.2.0.47
7f86dce7f000-7f86dce83000 rw-p 00000000 00:00 0 
7f86dce83000-7f86dce8e000 r-xp 00000000 08:02 17697754                   /usr/lib/x86_64-linux-gnu/libdrm_radeon.so.1.0.1
7f86dce8e000-7f86dd08d000 ---p 0000b000 08:02 17697754                   /usr/lib/x86_64-linux-gnu/libdrm_radeon.so.1.0.1
7f86dd08d000-7f86dd08e000 r--p 0000a000 08:02 17697754                   /usr/lib/x86_64-linux-gnu/libdrm_radeon.so.1.0.1
7f86dd08e000-7f86dd08f000 rw-p 0000b000 08:02 17697754                   /usr/lib/x86_64-linux-gnu/libdrm_radeon.so.1.0.1
7f86dd08f000-7f86dd0a4000 r-xp 00000000 08:02 17702685                   /usr/lib/x86_64-linux-gnu/libelf-0.158.so
7f86dd0a4000-7f86dd2a3000 ---p 00015000 08:02 17702685                   /usr/lib/x86_64-linux-gnu/libelf-0.158.so
7f86dd2a3000-7f86dd2a4000 r--p 00014000 08:02 17702685                   /usr/lib/x86_64-linux-gnu/libelf-0.158.so
7f86dd2a4000-7f86dd2a5000 rw-p 00015000 08:02 17702685                   /usr/lib/x86_64-linux-gnu/libelf-0.158.so
7f86dd2a5000-7f86dd2ab000 r-xp 00000000 08:02 17697711                   /usr/lib/x86_64-linux-gnu/libdrm_nouveau.so.2.0.0
7f86dd2ab000-7f86dd4aa000 ---p 00006000 08:02 17697711                   /usr/lib/x86_64-linux-gnu/libdrm_nouveau.so.2.0.0
7f86dd4aa000-7f86dd4ab000 r--p 00005000 08:02 17697711                   /usr/lib/x86_64-linux-gnu/libdrm_nouveau.so.2.0.0
7f86dd4ab000-7f86dd4ac000 rw-p 00006000 08:02 17697711                   /usr/lib/x86_64-linux-gnu/libdrm_nouveau.so.2.0.0
7f86dd4ac000-7f86dd4b3000 r-xp 00000000 08:02 18089600                   /usr/lib/x86_64-linux-gnu/mesa-egl/libOpenVG.so.1.0.0
7f86dd4b3000-7f86dd6b2000 ---p 00007000 08:02 18089600                   /usr/lib/x86_64-linux-gnu/mesa-egl/libOpenVG.so.1.0.0
7f86dd6b2000-7f86dd6b3000 r--p 00006000 08:02 18089600                   /usr/lib/x86_64-linux-gnu/mesa-egl/libOpenVG.so.1.0.0
7f86dd6b3000-7f86dd6b4000 rw-p 00007000 08:02 18089600                   /usr/lib/x86_64-linux-gnu/mesa-egl/libOpenVG.so.1.0.0
7f86dd6b4000-7f86dd6b6000 rw-p 00000000 00:00 0 
7f86dd6b6000-7f86dde3e000 r-xp 00000000 08:02 18088494                   /usr/lib/x86_64-linux-gnu/egl/egl_gallium.so
7f86dde3e000-7f86de03e000 ---p 00788000 08:02 18088494                   /usr/lib/x86_64-linux-gnu/egl/egl_gallium.so
7f86de03e000-7f86de091000 r--p 00788000 08:02 18088494                   /usr/lib/x86_64-linux-gnu/egl/egl_gallium.so
7f86de091000-7f86de09d000 rw-p 007db000 08:02 18088494                   /usr/lib/x86_64-linux-gnu/egl/egl_gallium.so
7f86de09d000-7f86de284000 rw-p 00000000 00:00 0 
7f86de284000-7f86de28a000 r-xp 00000000 08:02 18089598                   /usr/lib/x86_64-linux-gnu/mesa-egl/libGLESv2.so.2.0.0
7f86de28a000-7f86de489000 ---p 00006000 08:02 18089598                   /usr/lib/x86_64-linux-gnu/mesa-egl/libGLESv2.so.2.0.0
7f86de489000-7f86de48a000 r--p 00005000 08:02 18089598                   /usr/lib/x86_64-linux-gnu/mesa-egl/libGLESv2.so.2.0.0
7f86de48a000-7f86de48b000 rw-p 00006000 08:02 18089598                   /usr/lib/x86_64-linux-gnu/mesa-egl/libGLESv2.so.2.0.0
7f86de48b000-7f86de4b8000 r-xp 00000000 08:02 17563849                   /tmp/jogamp_0000/file_cache/jln4149066721308044443/jln6383091736586981573/libjogl_mobile.so
7f86de4b8000-7f86de6b7000 ---p 0002d000 08:02 17563849                   /tmp/jogamp_0000/file_cache/jln4149066721308044443/jln6383091736586981573/libjogl_mobile.so
7f86de6b7000-7f86de6b8000 r--p 0002c000 08:02 17563849                   /tmp/jogamp_0000/file_cache/jln4149066721308044443/jln6383091736586981573/libjogl_mobile.so
7f86de6b8000-7f86de6b9000 rw-p 0002d000 08:02 17563849                   /tmp/jogamp_0000/file_cache/jln4149066721308044443/jln6383091736586981573/libjogl_mobile.so
7f86de6b9000-7f86de6c5000 r-xp 00000000 08:02 17702767                   /usr/lib/x86_64-linux-gnu/libgbm.so.1.0.0
7f86de6c5000-7f86de8c5000 ---p 0000c000 08:02 17702767                   /usr/lib/x86_64-linux-gnu/libgbm.so.1.0.0
7f86de8c5000-7f86de8c6000 r--p 0000c000 08:02 17702767                   /usr/lib/x86_64-linux-gnu/libgbm.so.1.0.0
7f86de8c6000-7f86de8c7000 rw-p 0000d000 08:02 17702767                   /usr/lib/x86_64-linux-gnu/libgbm.so.1.0.0
7f86de8c7000-7f86de8d6000 r-xp 00000000 08:02 17703446                   /usr/lib/x86_64-linux-gnu/libwayland-server.so.0.1.0
7f86de8d6000-7f86dead5000 ---p 0000f000 08:02 17703446                   /usr/lib/x86_64-linux-gnu/libwayland-server.so.0.1.0
7f86dead5000-7f86dead7000 r--p 0000e000 08:02 17703446                   /usr/lib/x86_64-linux-gnu/libwayland-server.so.0.1.0
7f86dead7000-7f86dead8000 rw-p 00010000 08:02 17703446                   /usr/lib/x86_64-linux-gnu/libwayland-server.so.0.1.0
7f86dead8000-7f86deae3000 r-xp 00000000 08:02 17703440                   /usr/lib/x86_64-linux-gnu/libwayland-client.so.0.2.0
7f86deae3000-7f86dece2000 ---p 0000b000 08:02 17703440                   /usr/lib/x86_64-linux-gnu/libwayland-client.so.0.2.0
7f86dece2000-7f86dece4000 r--p 0000a000 08:02 17703440                   /usr/lib/x86_64-linux-gnu/libwayland-client.so.0.2.0
7f86dece4000-7f86dece5000 rw-p 0000c000 08:02 17703440                   /usr/lib/x86_64-linux-gnu/libwayland-client.so.0.2.0
7f86dece5000-7f86decea000 r-xp 00000000 08:02 17703496                   /usr/lib/x86_64-linux-gnu/libxcb-xfixes.so.0.0.0
7f86decea000-7f86deeea000 ---p 00005000 08:02 17703496                   /usr/lib/x86_64-linux-gnu/libxcb-xfixes.so.0.0.0
7f86deeea000-7f86deeeb000 r--p 00005000 08:02 17703496                   /usr/lib/x86_64-linux-gnu/libxcb-xfixes.so.0.0.0
7f86deeeb000-7f86deeec000 rw-p 00006000 08:02 17703496                   /usr/lib/x86_64-linux-gnu/libxcb-xfixes.so.0.0.0
7f86deeec000-7f86def13000 r-xp 00000000 08:02 18089594                   /usr/lib/x86_64-linux-gnu/mesa-egl/libEGL.so.1.0.0
7f86def13000-7f86df113000 ---p 00027000 08:02 18089594                   /usr/lib/x86_64-linux-gnu/mesa-egl/libEGL.so.1.0.0
7f86df113000-7f86df114000 r--p 00027000 08:02 18089594                   /usr/lib/x86_64-linux-gnu/mesa-egl/libEGL.so.1.0.0
7f86df114000-7f86df115000 rw-p 00028000 08:02 18089594                   /usr/lib/x86_64-linux-gnu/mesa-egl/libEGL.so.1.0.0
7f86df115000-7f86df116000 rw-p 00000000 00:00 0 
7f86df116000-7f86df1a2000 r-xp 00000000 08:02 17563848                   /tmp/jogamp_0000/file_cache/jln4149066721308044443/jln6383091736586981573/libjogl_desktop.so
7f86df1a2000-7f86df3a1000 ---p 0008c000 08:02 17563848                   /tmp/jogamp_0000/file_cache/jln4149066721308044443/jln6383091736586981573/libjogl_desktop.so
7f86df3a1000-7f86df3a2000 r--p 0008b000 08:02 17563848                   /tmp/jogamp_0000/file_cache/jln4149066721308044443/jln6383091736586981573/libjogl_desktop.so
7f86df3a2000-7f86df3a3000 rw-p 0008c000 08:02 17563848                   /tmp/jogamp_0000/file_cache/jln4149066721308044443/jln6383091736586981573/libjogl_desktop.so
7f86df3a3000-7f86df3ab000 r-xp 00000000 08:02 26742771                   /lib/x86_64-linux-gnu/libnih-dbus.so.1.0.0
7f86df3ab000-7f86df5ab000 ---p 00008000 08:02 26742771                   /lib/x86_64-linux-gnu/libnih-dbus.so.1.0.0
7f86df5ab000-7f86df5ac000 r--p 00008000 08:02 26742771                   /lib/x86_64-linux-gnu/libnih-dbus.so.1.0.0
7f86df5ac000-7f86df5ad000 rw-p 00009000 08:02 26742771                   /lib/x86_64-linux-gnu/libnih-dbus.so.1.0.0
7f86df5ad000-7f86df5c4000 r-xp 00000000 08:02 26742773                   /lib/x86_64-linux-gnu/libnih.so.1.0.0
7f86df5c4000-7f86df7c3000 ---p 00017000 08:02 26742773                   /lib/x86_64-linux-gnu/libnih.so.1.0.0
7f86df7c3000-7f86df7c4000 r--p 00016000 08:02 26742773                   /lib/x86_64-linux-gnu/libnih.so.1.0.0
7f86df7c4000-7f86df7c5000 rw-p 00017000 08:02 26742773                   /lib/x86_64-linux-gnu/libnih.so.1.0.0
7f86df7c5000-7f86df7de000 r-xp 00000000 08:02 26742714                   /lib/x86_64-linux-gnu/libcgmanager.so.0.0.0
7f86df7de000-7f86df9dd000 ---p 00019000 08:02 26742714                   /lib/x86_64-linux-gnu/libcgmanager.so.0.0.0
7f86df9dd000-7f86df9df000 r--p 00018000 08:02 26742714                   /lib/x86_64-linux-gnu/libcgmanager.so.0.0.0
7f86df9df000-7f86df9e0000 rw-p 0001a000 08:02 26742714                   /lib/x86_64-linux-gnu/libcgmanager.so.0.0.0
7f86df9e0000-7f86df9f0000 r-xp 00000000 08:02 26742729                   /lib/x86_64-linux-gnu/libudev.so.1.3.5
7f86df9f0000-7f86dfbef000 ---p 00010000 08:02 26742729                   /lib/x86_64-linux-gnu/libudev.so.1.3.5
7f86dfbef000-7f86dfbf0000 r--p 0000f000 08:02 26742729                   /lib/x86_64-linux-gnu/libudev.so.1.3.5
7f86dfbf0000-7f86dfbf1000 rw-p 00010000 08:02 26742729                   /lib/x86_64-linux-gnu/libudev.so.1.3.5
7f86dfbf1000-7f86dfbfd000 r-xp 00000000 08:02 17696781                   /usr/lib/x86_64-linux-gnu/libdrm.so.2.4.0
7f86dfbfd000-7f86dfdfc000 ---p 0000c000 08:02 17696781                   /usr/lib/x86_64-linux-gnu/libdrm.so.2.4.0
7f86dfdfc000-7f86dfdfd000 r--p 0000b000 08:02 17696781                   /usr/lib/x86_64-linux-gnu/libdrm.so.2.4.0
7f86dfdfd000-7f86dfdfe000 rw-p 0000c000 08:02 17696781                   /usr/lib/x86_64-linux-gnu/libdrm.so.2.4.0
7f86dfdfe000-7f86dfdff000 r-xp 00000000 08:02 17703510                   /usr/lib/x86_64-linux-gnu/libxshmfence.so.1.0.0
7f86dfdff000-7f86dfffe000 ---p 00001000 08:02 17703510                   /usr/lib/x86_64-linux-gnu/libxshmfence.so.1.0.0
7f86dfffe000-7f86dffff000 r--p 00000000 08:02 17703510                   /usr/lib/x86_64-linux-gnu/libxshmfence.so.1.0.0
7f86dffff000-7f86e0000000 rw-p 00001000 08:02 17703510                   /usr/lib/x86_64-linux-gnu/libxshmfence.so.1.0.0
7f86e0000000-7f86e0021000 rw-p 00000000 00:00 0 
7f86e0021000-7f86e4000000 ---p 00000000 00:00 0 
7f86e4000000-7f86e4021000 rw-p 00000000 00:00 0 
7f86e4021000-7f86e8000000 ---p 00000000 00:00 0 
7f86e8000000-7f86e8021000 rw-p 00000000 00:00 0 
7f86e8021000-7f86ec000000 ---p 00000000 00:00 0 
7f86ec097000-7f86ec09a000 ---p 00000000 00:00 0 
7f86ec09a000-7f86ec198000 rw-p 00000000 00:00 0                          [stack:3831]
7f86ec198000-7f86ec19d000 r-xp 00000000 08:02 17703492                   /usr/lib/x86_64-linux-gnu/libxcb-sync.so.1.0.0
7f86ec19d000-7f86ec39c000 ---p 00005000 08:02 17703492                   /usr/lib/x86_64-linux-gnu/libxcb-sync.so.1.0.0
7f86ec39c000-7f86ec39d000 r--p 00004000 08:02 17703492                   /usr/lib/x86_64-linux-gnu/libxcb-sync.so.1.0.0
7f86ec39d000-7f86ec39e000 rw-p 00005000 08:02 17703492                   /usr/lib/x86_64-linux-gnu/libxcb-sync.so.1.0.0
7f86ec39e000-7f86ec3a0000 r-xp 00000000 08:02 17703480                   /usr/lib/x86_64-linux-gnu/libxcb-present.so.0.0.0
7f86ec3a0000-7f86ec59f000 ---p 00002000 08:02 17703480                   /usr/lib/x86_64-linux-gnu/libxcb-present.so.0.0.0
7f86ec59f000-7f86ec5a0000 r--p 00001000 08:02 17703480                   /usr/lib/x86_64-linux-gnu/libxcb-present.so.0.0.0
7f86ec5a0000-7f86ec5a1000 rw-p 00002000 08:02 17703480                   /usr/lib/x86_64-linux-gnu/libxcb-present.so.0.0.0
7f86ec5a1000-7f86ec5a3000 r-xp 00000000 08:02 17703470                   /usr/lib/x86_64-linux-gnu/libxcb-dri3.so.0.0.0
7f86ec5a3000-7f86ec7a2000 ---p 00002000 08:02 17703470                   /usr/lib/x86_64-linux-gnu/libxcb-dri3.so.0.0.0
7f86ec7a2000-7f86ec7a3000 r--p 00001000 08:02 17703470                   /usr/lib/x86_64-linux-gnu/libxcb-dri3.so.0.0.0
7f86ec7a3000-7f86ec7a4000 rw-p 00002000 08:02 17703470                   /usr/lib/x86_64-linux-gnu/libxcb-dri3.so.0.0.0
7f86ec7a4000-7f86ec7a7000 r-xp 00000000 08:02 17703468                   /usr/lib/x86_64-linux-gnu/libxcb-dri2.so.0.0.0
7f86ec7a7000-7f86ec9a7000 ---p 00003000 08:02 17703468                   /usr/lib/x86_64-linux-gnu/libxcb-dri2.so.0.0.0
7f86ec9a7000-7f86ec9a8000 r--p 00003000 08:02 17703468                   /usr/lib/x86_64-linux-gnu/libxcb-dri2.so.0.0.0
7f86ec9a8000-7f86ec9a9000 rw-p 00004000 08:02 17703468                   /usr/lib/x86_64-linux-gnu/libxcb-dri2.so.0.0.0
7f86ec9a9000-7f86ec9be000 r-xp 00000000 08:02 17703472                   /usr/lib/x86_64-linux-gnu/libxcb-glx.so.0.0.0
7f86ec9be000-7f86ecbbd000 ---p 00015000 08:02 17703472                   /usr/lib/x86_64-linux-gnu/libxcb-glx.so.0.0.0
7f86ecbbd000-7f86ecbbf000 r--p 00014000 08:02 17703472                   /usr/lib/x86_64-linux-gnu/libxcb-glx.so.0.0.0
7f86ecbbf000-7f86ecbc0000 rw-p 00016000 08:02 17703472                   /usr/lib/x86_64-linux-gnu/libxcb-glx.so.0.0.0
7f86ecbc0000-7f86ecbc1000 r-xp 00000000 08:02 17702426                   /usr/lib/x86_64-linux-gnu/libX11-xcb.so.1.0.0
7f86ecbc1000-7f86ecdc0000 ---p 00001000 08:02 17702426                   /usr/lib/x86_64-linux-gnu/libX11-xcb.so.1.0.0
7f86ecdc0000-7f86ecdc1000 r--p 00000000 08:02 17702426                   /usr/lib/x86_64-linux-gnu/libX11-xcb.so.1.0.0
7f86ecdc1000-7f86ecdc2000 rw-p 00001000 08:02 17702426                   /usr/lib/x86_64-linux-gnu/libX11-xcb.so.1.0.0
7f86ecdc2000-7f86ecdc4000 r-xp 00000000 08:02 17702441                   /usr/lib/x86_64-linux-gnu/libXdamage.so.1.1.0
7f86ecdc4000-7f86ecfc3000 ---p 00002000 08:02 17702441                   /usr/lib/x86_64-linux-gnu/libXdamage.so.1.1.0
7f86ecfc3000-7f86ecfc4000 r--p 00001000 08:02 17702441                   /usr/lib/x86_64-linux-gnu/libXdamage.so.1.1.0
7f86ecfc4000-7f86ecfc5000 rw-p 00002000 08:02 17702441                   /usr/lib/x86_64-linux-gnu/libXdamage.so.1.1.0
7f86ecfc5000-7f86ecfe9000 r-xp 00000000 08:02 17702819                   /usr/lib/x86_64-linux-gnu/libglapi.so.0.0.0
7f86ecfe9000-7f86ed1e9000 ---p 00024000 08:02 17702819                   /usr/lib/x86_64-linux-gnu/libglapi.so.0.0.0
7f86ed1e9000-7f86ed1ec000 r--p 00024000 08:02 17702819                   /usr/lib/x86_64-linux-gnu/libglapi.so.0.0.0
7f86ed1ec000-7f86ed1ed000 rw-p 00027000 08:02 17702819                   /usr/lib/x86_64-linux-gnu/libglapi.so.0.0.0
7f86ed1ed000-7f86ed1ee000 rw-p 00000000 00:00 0 
7f86ed1ee000-7f86ed27a000 r-xp 00000000 08:02 18089591                   /usr/lib/x86_64-linux-gnu/mesa/libGL.so.1.2.0
7f86ed27a000-7f86ed479000 ---p 0008c000 08:02 18089591                   /usr/lib/x86_64-linux-gnu/mesa/libGL.so.1.2.0
7f86ed479000-7f86ed47c000 r--p 0008b000 08:02 18089591                   /usr/lib/x86_64-linux-gnu/mesa/libGL.so.1.2.0
7f86ed47c000-7f86ed47d000 rw-p 0008e000 08:02 18089591                   /usr/lib/x86_64-linux-gnu/mesa/libGL.so.1.2.0
7f86ed47d000-7f86ed47e000 rw-p 00000000 00:00 0 
7f86ed47e000-7f86ed482000 r-xp 00000000 08:02 17702483                   /usr/lib/x86_64-linux-gnu/libXxf86vm.so.1.0.0
7f86ed482000-7f86ed682000 ---p 00004000 08:02 17702483                   /usr/lib/x86_64-linux-gnu/libXxf86vm.so.1.0.0
7f86ed682000-7f86ed683000 r--p 00004000 08:02 17702483                   /usr/lib/x86_64-linux-gnu/libXxf86vm.so.1.0.0
7f86ed683000-7f86ed684000 rw-p 00005000 08:02 17702483                   /usr/lib/x86_64-linux-gnu/libXxf86vm.so.1.0.0
7f86ed684000-7f86ed68a000 r-xp 00000000 08:02 17563851                   /tmp/jogamp_0000/file_cache/jln4149066721308044443/jln6383091736586981573/libnativewindow_x11.so
7f86ed68a000-7f86ed889000 ---p 00006000 08:02 17563851                   /tmp/jogamp_0000/file_cache/jln4149066721308044443/jln6383091736586981573/libnativewindow_x11.so
7f86ed889000-7f86ed88a000 r--p 00005000 08:02 17563851                   /tmp/jogamp_0000/file_cache/jln4149066721308044443/jln6383091736586981573/libnativewindow_x11.so
7f86ed88a000-7f86ed88b000 rw-p 00006000 08:02 17563851                   /tmp/jogamp_0000/file_cache/jln4149066721308044443/jln6383091736586981573/libnativewindow_x11.so
7f86ed88b000-7f86ed88e000 ---p 00000000 00:00 0 
7f86ed88e000-7f86ed98c000 rw-p 00000000 00:00 0                          [stack:3834]
7f86ed98c000-7f86ed98f000 ---p 00000000 00:00 0 
7f86ed98f000-7f86eda8d000 rw-p 00000000 00:00 0                          [stack:3835]
7f86eda8d000-7f86eda8f000 r-xp 00000000 08:02 17563850                   /tmp/jogamp_0000/file_cache/jln4149066721308044443/jln6383091736586981573/libnativewindow_awt.so
7f86eda8f000-7f86edc8e000 ---p 00002000 08:02 17563850                   /tmp/jogamp_0000/file_cache/jln4149066721308044443/jln6383091736586981573/libnativewindow_awt.so
7f86edc8e000-7f86edc8f000 r--p 00001000 08:02 17563850                   /tmp/jogamp_0000/file_cache/jln4149066721308044443/jln6383091736586981573/libnativewindow_awt.so
7f86edc8f000-7f86edc90000 rw-p 00002000 08:02 17563850                   /tmp/jogamp_0000/file_cache/jln4149066721308044443/jln6383091736586981573/libnativewindow_awt.so
7f86edc90000-7f86edc91000 r-xp 00000000 08:02 18483838                   /usr/lib/jvm/java-7-openjdk-amd64/jre/lib/amd64/libjawt.so
7f86edc91000-7f86ede90000 ---p 00001000 08:02 18483838                   /usr/lib/jvm/java-7-openjdk-amd64/jre/lib/amd64/libjawt.so
7f86ede90000-7f86ede91000 r--p 00000000 08:02 18483838                   /usr/lib/jvm/java-7-openjdk-amd64/jre/lib/amd64/libjawt.so
7f86ede91000-7f86ede92000 rw-p 00001000 08:02 18483838                   /usr/lib/jvm/java-7-openjdk-amd64/jre/lib/amd64/libjawt.so
7f86ede92000-7f86ede95000 ---p 00000000 00:00 0 
7f86ede95000-7f86edf93000 rw-p 00000000 00:00 0                          [stack:3827]
7f86edf93000-7f86edf98000 r-xp 00000000 08:02 17695200                   /usr/lib/x86_64-linux-gnu/libXfixes.so.3.1.0
7f86edf98000-7f86ee197000 ---p 00005000 08:02 17695200                   /usr/lib/x86_64-linux-gnu/libXfixes.so.3.1.0
7f86ee197000-7f86ee198000 r--p 00004000 08:02 17695200                   /usr/lib/x86_64-linux-gnu/libXfixes.so.3.1.0
7f86ee198000-7f86ee199000 rw-p 00005000 08:02 17695200                   /usr/lib/x86_64-linux-gnu/libXfixes.so.3.1.0
7f86ee199000-7f86ee1a2000 r-xp 00000000 08:02 17702439                   /usr/lib/x86_64-linux-gnu/libXcursor.so.1.0.2
7f86ee1a2000-7f86ee3a1000 ---p 00009000 08:02 17702439                   /usr/lib/x86_64-linux-gnu/libXcursor.so.1.0.2
7f86ee3a1000-7f86ee3a2000 r--p 00008000 08:02 17702439                   /usr/lib/x86_64-linux-gnu/libXcursor.so.1.0.2
7f86ee3a2000-7f86ee3a3000 rw-p 00009000 08:02 17702439                   /usr/lib/x86_64-linux-gnu/libXcursor.so.1.0.2
7f86ee3a3000-7f86ee3a7000 r-xp 00000000 08:02 26742742                   /lib/x86_64-linux-gnu/libgpg-error.so.0.10.0
7f86ee3a7000-7f86ee5a6000 ---p 00004000 08:02 26742742                   /lib/x86_64-linux-gnu/libgpg-error.so.0.10.0
7f86ee5a6000-7f86ee5a7000 r--p 00003000 08:02 26742742                   /lib/x86_64-linux-gnu/libgpg-error.so.0.10.0
7f86ee5a7000-7f86ee5a8000 rw-p 00004000 08:02 26742742                   /lib/x86_64-linux-gnu/libgpg-error.so.0.10.0
7f86ee5a8000-7f86ee5aa000 r-xp 00000000 08:02 26742752                   /lib/x86_64-linux-gnu/libkeyutils.so.1.4
7f86ee5aa000-7f86ee7aa000 ---p 00002000 08:02 26742752                   /lib/x86_64-linux-gnu/libkeyutils.so.1.4
7f86ee7aa000-7f86ee7ab000 r--p 00002000 08:02 26742752                   /lib/x86_64-linux-gnu/libkeyutils.so.1.4
7f86ee7ab000-7f86ee7ac000 rw-p 00003000 08:02 26742752                   /lib/x86_64-linux-gnu/libkeyutils.so.1.4
7f86ee7ac000-7f86ee7d1000 r-xp 00000000 08:02 26742824                   /lib/x86_64-linux-gnu/libpng12.so.0.50.0
7f86ee7d1000-7f86ee9d0000 ---p 00025000 08:02 26742824                   /lib/x86_64-linux-gnu/libpng12.so.0.50.0
7f86ee9d0000-7f86ee9d1000 r--p 00024000 08:02 26742824                   /lib/x86_64-linux-gnu/libpng12.so.0.50.0
7f86ee9d1000-7f86ee9d2000 rw-p 00025000 08:02 26742824                   /lib/x86_64-linux-gnu/libpng12.so.0.50.0
7f86ee9d2000-7f86eea16000 r-xp 00000000 08:02 26742723                   /lib/x86_64-linux-gnu/libdbus-1.so.3.7.6
7f86eea16000-7f86eec15000 ---p 00044000 08:02 26742723                   /lib/x86_64-linux-gnu/libdbus-1.so.3.7.6
7f86eec15000-7f86eec16000 r--p 00043000 08:02 26742723                   /lib/x86_64-linux-gnu/libdbus-1.so.3.7.6
7f86eec16000-7f86eec17000 rw-p 00044000 08:02 26742723                   /lib/x86_64-linux-gnu/libdbus-1.so.3.7.6
7f86eec17000-7f86eec52000 r-xp 00000000 08:02 17703159                   /usr/lib/x86_64-linux-gnu/libp11-kit.so.0.0.0
7f86eec52000-7f86eee51000 ---p 0003b000 08:02 17703159                   /usr/lib/x86_64-linux-gnu/libp11-kit.so.0.0.0
7f86eee51000-7f86eee57000 r--p 0003a000 08:02 17703159                   /usr/lib/x86_64-linux-gnu/libp11-kit.so.0.0.0
7f86eee57000-7f86eee59000 rw-p 00040000 08:02 17703159                   /usr/lib/x86_64-linux-gnu/libp11-kit.so.0.0.0
7f86eee59000-7f86eee6b000 r-xp 00000000 08:02 17694860                   /usr/lib/x86_64-linux-gnu/libtasn1.so.6.2.0
7f86eee6b000-7f86ef06b000 ---p 00012000 08:02 17694860                   /usr/lib/x86_64-linux-gnu/libtasn1.so.6.2.0
7f86ef06b000-7f86ef06c000 r--p 00012000 08:02 17694860                   /usr/lib/x86_64-linux-gnu/libtasn1.so.6.2.0
7f86ef06c000-7f86ef06d000 rw-p 00013000 08:02 17694860                   /usr/lib/x86_64-linux-gnu/libtasn1.so.6.2.0
7f86ef06d000-7f86ef0e9000 r-xp 00000000 08:02 26742716                   /lib/x86_64-linux-gnu/libgcrypt.so.11.8.2
7f86ef0e9000-7f86ef2e9000 ---p 0007c000 08:02 26742716                   /lib/x86_64-linux-gnu/libgcrypt.so.11.8.2
7f86ef2e9000-7f86ef2ea000 r--p 0007c000 08:02 26742716                   /lib/x86_64-linux-gnu/libgcrypt.so.11.8.2
7f86ef2ea000-7f86ef2ed000 rw-p 0007d000 08:02 26742716                   /lib/x86_64-linux-gnu/libgcrypt.so.11.8.2
7f86ef2ed000-7f86ef2f7000 r-xp 00000000 08:02 17703042                   /usr/lib/x86_64-linux-gnu/libkrb5support.so.0.1
7f86ef2f7000-7f86ef4f6000 ---p 0000a000 08:02 17703042                   /usr/lib/x86_64-linux-gnu/libkrb5support.so.0.1
7f86ef4f6000-7f86ef4f7000 r--p 00009000 08:02 17703042                   /usr/lib/x86_64-linux-gnu/libkrb5support.so.0.1
7f86ef4f7000-7f86ef4f8000 rw-p 0000a000 08:02 17703042                   /usr/lib/x86_64-linux-gnu/libkrb5support.so.0.1
7f86ef4f8000-7f86ef4fb000 r-xp 00000000 08:02 26742689                   /lib/x86_64-linux-gnu/libcom_err.so.2.1
7f86ef4fb000-7f86ef6fa000 ---p 00003000 08:02 26742689                   /lib/x86_64-linux-gnu/libcom_err.so.2.1
7f86ef6fa000-7f86ef6fb000 r--p 00002000 08:02 26742689                   /lib/x86_64-linux-gnu/libcom_err.so.2.1
7f86ef6fb000-7f86ef6fc000 rw-p 00003000 08:02 26742689                   /lib/x86_64-linux-gnu/libcom_err.so.2.1
7f86ef6fc000-7f86ef728000 r-xp 00000000 08:02 17703036                   /usr/lib/x86_64-linux-gnu/libk5crypto.so.3.1
7f86ef728000-7f86ef927000 ---p 0002c000 08:02 17703036                   /usr/lib/x86_64-linux-gnu/libk5crypto.so.3.1
7f86ef927000-7f86ef929000 r--p 0002b000 08:02 17703036                   /usr/lib/x86_64-linux-gnu/libk5crypto.so.3.1
7f86ef929000-7f86ef92a000 rw-p 0002d000 08:02 17703036                   /usr/lib/x86_64-linux-gnu/libk5crypto.so.3.1
7f86ef92a000-7f86ef92b000 rw-p 00000000 00:00 0 
7f86ef92b000-7f86ef9e7000 r-xp 00000000 08:02 17703040                   /usr/lib/x86_64-linux-gnu/libkrb5.so.3.3
7f86ef9e7000-7f86efbe7000 ---p 000bc000 08:02 17703040                   /usr/lib/x86_64-linux-gnu/libkrb5.so.3.3
7f86efbe7000-7f86efbf4000 r--p 000bc000 08:02 17703040                   /usr/lib/x86_64-linux-gnu/libkrb5.so.3.3
7f86efbf4000-7f86efbf6000 rw-p 000c9000 08:02 17703040                   /usr/lib/x86_64-linux-gnu/libkrb5.so.3.3
7f86efbf6000-7f86efbfb000 r-xp 00000000 08:02 17702443                   /usr/lib/x86_64-linux-gnu/libXdmcp.so.6.0.0
7f86efbfb000-7f86efdfa000 ---p 00005000 08:02 17702443                   /usr/lib/x86_64-linux-gnu/libXdmcp.so.6.0.0
7f86efdfa000-7f86efdfb000 r--p 00004000 08:02 17702443                   /usr/lib/x86_64-linux-gnu/libXdmcp.so.6.0.0
7f86efdfb000-7f86efdfc000 rw-p 00005000 08:02 17702443                   /usr/lib/x86_64-linux-gnu/libXdmcp.so.6.0.0
7f86efdfc000-7f86efdfe000 r-xp 00000000 08:02 17702432                   /usr/lib/x86_64-linux-gnu/libXau.so.6.0.0
7f86efdfe000-7f86efffe000 ---p 00002000 08:02 17702432                   /usr/lib/x86_64-linux-gnu/libXau.so.6.0.0
7f86efffe000-7f86effff000 r--p 00002000 08:02 17702432                   /usr/lib/x86_64-linux-gnu/libXau.so.6.0.0
7f86effff000-7f86f0000000 rw-p 00003000 08:02 17702432                   /usr/lib/x86_64-linux-gnu/libXau.so.6.0.0
7f86f0000000-7f86f0021000 rw-p 00000000 00:00 0 
7f86f0021000-7f86f4000000 ---p 00000000 00:00 0 
7f86f4000000-7f86f4413000 rw-p 00000000 00:00 0 
7f86f4413000-7f86f8000000 ---p 00000000 00:00 0 
7f86f8000000-7